\\adir.hull.ac.uk\home\468\468834\desktop\github\simulation\simulation\simulation\bin\simulation.ilk
\\adir.hull.ac.uk\home\468\468834\desktop\github\simulation\simulation\simulation\bin\simulation.exe
\\adir.hull.ac.uk\home\468\468834\desktop\github\simulation\simulation\simulation\bin\simulation.pdb
\\adir.hull.ac.uk\home\468\468834\desktop\github\simulation\simulation\simulation\x64\debug\vc140.pdb
\\adir.hull.ac.uk\home\468\468834\desktop\github\simulation\simulation\simulation\x64\debug\vc140.idb
\\adir.hull.ac.uk\home\468\468834\desktop\github\simulation\simulation\simulation\x64\debug\ballclass.obj
\\adir.hull.ac.uk\home\468\468834\desktop\github\simulation\simulation\simulation\x64\debug\ballmanagerclass.obj
\\adir.hull.ac.uk\home\468\468834\desktop\github\simulation\simulation\simulation\x64\debug\cameraclass.obj
\\adir.hull.ac.uk\home\468\468834\desktop\github\simulation\simulation\simulation\x64\debug\configclass.obj
\\adir.hull.ac.uk\home\468\468834\desktop\github\simulation\simulation\simulation\x64\debug\d3dclass.obj
\\adir.hull.ac.uk\home\468\468834\desktop\github\simulation\simulation\simulation\x64\debug\graphicclass.obj
\\adir.hull.ac.uk\home\468\468834\desktop\github\simulation\simulation\simulation\x64\debug\particleclass.obj
\\adir.hull.ac.uk\home\468\468834\desktop\github\simulation\simulation\simulation\x64\debug\particleforcegenerator.obj
\\adir.hull.ac.uk\home\468\468834\desktop\github\simulation\simulation\simulation\x64\debug\systemclass.obj
\\adir.hull.ac.uk\home\468\468834\desktop\github\simulation\simulation\simulation\x64\debug\timerclass.obj
\\adir.hull.ac.uk\home\468\468834\desktop\github\simulation\simulation\simulation\x64\debug\main.obj
\\adir.hull.ac.uk\home\468\468834\desktop\github\simulation\simulation\simulation\x64\debug\pch.obj
\\adir.hull.ac.uk\home\468\468834\desktop\github\simulation\simulation\simulation\x64\debug\particlecontactclass.obj
\\adir.hull.ac.uk\home\468\468834\desktop\github\simulation\simulation\simulation\x64\debug\simulation.res
\\adir.hull.ac.uk\home\468\468834\desktop\github\simulation\simulation\simulation\x64\debug\simulation.tlog\link.write.1.tlog
\\adir.hull.ac.uk\home\468\468834\desktop\github\simulation\simulation\simulation\x64\debug\simulation.tlog\cl.read.1.tlog
\\adir.hull.ac.uk\home\468\468834\desktop\github\simulation\simulation\simulation\x64\debug\simulation.tlog\cl.write.1.tlog
\\adir.hull.ac.uk\home\468\468834\desktop\github\simulation\simulation\simulation\x64\debug\simulation.tlog\cl.command.1.tlog
\\adir.hull.ac.uk\home\468\468834\desktop\github\simulation\simulation\simulation\x64\debug\simulation.tlog\rc.read.1.tlog
\\adir.hull.ac.uk\home\468\468834\desktop\github\simulation\simulation\simulation\x64\debug\simulation.tlog\rc.write.1.tlog
\\adir.hull.ac.uk\home\468\468834\desktop\github\simulation\simulation\simulation\x64\debug\simulation.tlog\rc.command.1.tlog
\\adir.hull.ac.uk\home\468\468834\desktop\github\simulation\simulation\simulation\x64\debug\simulation.tlog\link.command.1.tlog
\\adir.hull.ac.uk\home\468\468834\desktop\github\simulation\simulation\simulation\x64\debug\simulation.tlog\link.read.1.tlog
\\adir.hull.ac.uk\home\468\468834\desktop\github\simulation\simulation\simulation\x64\debug\simulation.tlog\link.delete.1.tlog
